#
# There is insufficient memory for the Java Runtime Environment to continue.
# Native memory allocation (malloc) failed to allocate 527488 bytes. Error detail: Chunk::new
# Possible reasons:
#   The system is out of physical RAM or swap space
#   This process is running with CompressedOops enabled, and the Java Heap may be blocking the growth of the native heap
# Possible solutions:
#   Reduce memory load on the system
#   Increase physical memory or swap space
#   Check if swap backing store is full
#   Decrease Java heap size (-Xmx/-Xms)
#   Decrease number of Java threads
#   Decrease Java thread stack sizes (-Xss)
#   Set larger code cache with -XX:ReservedCodeCacheSize=
#   JVM is running with Unscaled Compressed Oops mode in which the Java heap is
#     placed in the first 4GB address space. The Java Heap base address is the
#     maximum limit for the native heap growth. Please use -XX:HeapBaseMinAddress
#     to set the Java Heap base and to place the Java Heap above 4GB virtual address.
# This output file may be truncated or incomplete.
#
#  Out of Memory Error (arena.cpp:168), pid=17656, tid=21508
#
# JRE version: OpenJDK Runtime Environment Temurin-21.0.8+9 (21.0.8+9) (build 21.0.8+9-LTS)
# Java VM: OpenJDK 64-Bit Server VM Temurin-21.0.8+9 (21.0.8+9-LTS, mixed mode, sharing, tiered, compressed oops, compressed class ptrs, parallel gc, windows-amd64)
# No core dump will be written. Minidumps are not enabled by default on client versions of Windows
#

---------------  S U M M A R Y ------------

Command Line: --add-modules=ALL-SYSTEM --add-opens=java.base/java.util=ALL-UNNAMED --add-opens=java.base/java.lang=ALL-UNNAMED --add-opens=java.base/sun.nio.fs=ALL-UNNAMED -Declipse.application=org.eclipse.jdt.ls.core.id1 -Dosgi.bundles.defaultStartLevel=4 -Declipse.product=org.eclipse.jdt.ls.core.product -Djava.import.generatesMetadataFilesAtProjectRoot=false -DDetectVMInstallationsJob.disabled=true -Dfile.encoding=utf8 -XX:+UseParallelGC -XX:GCTimeRatio=4 -XX:AdaptiveSizePolicyWeight=90 -Dsun.zip.disableMemoryMapping=true -Xmx2G -Xms100m -Xlog:disable -javaagent:c:\Users\ASUS\.vscode\extensions\redhat.java-1.47.0-win32-x64\lombok\lombok-1.18.39-4050.jar -XX:+HeapDumpOnOutOfMemoryError -XX:HeapDumpPath=c:\Users\ASUS\AppData\Roaming\Code\User\workspaceStorage\3d65cca12a3fffbc84b21bd5c9af181b\redhat.java -Daether.dependencyCollector.impl=bf c:\Users\ASUS\.vscode\extensions\redhat.java-1.47.0-win32-x64\server\plugins\org.eclipse.equinox.launcher_1.7.100.v20251014-1222.jar -configuration c:\Users\ASUS\AppData\Roaming\Code\User\globalStorage\redhat.java\1.47.0\config_win -data c:\Users\ASUS\AppData\Roaming\Code\User\workspaceStorage\3d65cca12a3fffbc84b21bd5c9af181b\redhat.java\jdt_ws --pipe=\\.\pipe\lsp-7b47c3fbd416e369a3d5baa5f040ee16-sock

Host: AMD Ryzen 5 7520U with Radeon Graphics         , 8 cores, 15G,  Windows 11 , 64 bit Build 22621 (10.0.22621.5415)
Time: Fri Nov 14 10:23:23 2025 SE Asia Standard Time elapsed time: 4.470695 seconds (0d 0h 0m 4s)

---------------  T H R E A D  ---------------

Current thread (0x0000012d77a5c880):  JavaThread "C2 CompilerThread0" daemon [_thread_in_native, id=21508, stack(0x000000114ab00000,0x000000114ac00000) (1024K)]


Current CompileTask:
C2:4470 2304   !   4       java.util.jar.Attributes::read (494 bytes)

Stack: [0x000000114ab00000,0x000000114ac00000]
Native frames: (J=compiled Java code, j=interpreted, Vv=VM code, C=native code)
V  [jvm.dll+0x6d2449]
V  [jvm.dll+0x8ae341]
V  [jvm.dll+0x8b08be]
V  [jvm.dll+0x8b0fa3]
V  [jvm.dll+0x280c96]
V  [jvm.dll+0xc581d]
V  [jvm.dll+0xc5d53]
V  [jvm.dll+0x3b919c]
V  [jvm.dll+0x1e1213]
V  [jvm.dll+0x249022]
V  [jvm.dll+0x2484af]
V  [jvm.dll+0x1c89ee]
V  [jvm.dll+0x257d4d]
V  [jvm.dll+0x2562ea]
V  [jvm.dll+0x3f2d16]
V  [jvm.dll+0x857e6b]
V  [jvm.dll+0x6d0b0d]
C  [ucrtbase.dll+0x29333]
C  [KERNEL32.DLL+0x1259d]
C  [ntdll.dll+0x5af78]


---------------  P R O C E S S  ---------------

Threads class SMR info:
_java_thread_list=0x0000012d7e7f7370, length=16, elements={
0x0000012d6fff3c70, 0x0000012d77a4d880, 0x0000012d77a4f080, 0x0000012d77a55ec0,
0x0000012d77a56dd0, 0x0000012d77a57ce0, 0x0000012d77a59940, 0x0000012d77a5c880,
0x0000012d77a8d800, 0x0000012d793db570, 0x0000012d79585090, 0x0000012d79a374a0,
0x0000012d7e036ed0, 0x0000012d7e25a100, 0x0000012d7e25ab30, 0x0000012d7e3c8ff0
}

Java Threads: ( => current thread )
  0x0000012d6fff3c70 JavaThread "main"                              [_thread_blocked, id=23300, stack(0x000000114a100000,0x000000114a200000) (1024K)]
  0x0000012d77a4d880 JavaThread "Reference Handler"          daemon [_thread_blocked, id=5164, stack(0x000000114a500000,0x000000114a600000) (1024K)]
  0x0000012d77a4f080 JavaThread "Finalizer"                  daemon [_thread_blocked, id=1748, stack(0x000000114a600000,0x000000114a700000) (1024K)]
  0x0000012d77a55ec0 JavaThread "Signal Dispatcher"          daemon [_thread_blocked, id=23096, stack(0x000000114a700000,0x000000114a800000) (1024K)]
  0x0000012d77a56dd0 JavaThread "Attach Listener"            daemon [_thread_blocked, id=16300, stack(0x000000114a800000,0x000000114a900000) (1024K)]
  0x0000012d77a57ce0 JavaThread "Service Thread"             daemon [_thread_blocked, id=7076, stack(0x000000114a900000,0x000000114aa00000) (1024K)]
  0x0000012d77a59940 JavaThread "Monitor Deflation Thread"   daemon [_thread_blocked, id=18972, stack(0x000000114aa00000,0x000000114ab00000) (1024K)]
=>0x0000012d77a5c880 JavaThread "C2 CompilerThread0"         daemon [_thread_in_native, id=21508, stack(0x000000114ab00000,0x000000114ac00000) (1024K)]
  0x0000012d77a8d800 JavaThread "C1 CompilerThread0"         daemon [_thread_blocked, id=21828, stack(0x000000114ac00000,0x000000114ad00000) (1024K)]
  0x0000012d793db570 JavaThread "Common-Cleaner"             daemon [_thread_blocked, id=18672, stack(0x000000114ad00000,0x000000114ae00000) (1024K)]
  0x0000012d79585090 JavaThread "Notification Thread"        daemon [_thread_blocked, id=10956, stack(0x000000114ae00000,0x000000114af00000) (1024K)]
  0x0000012d79a374a0 JavaThread "Active Thread: Equinox Container: 03f8f0a6-cbf4-440a-9bb8-4feff8c7fa45"        [_thread_blocked, id=5384, stack(0x000000114af00000,0x000000114b000000) (1024K)]
  0x0000012d7e036ed0 JavaThread "Refresh Thread: Equinox Container: 03f8f0a6-cbf4-440a-9bb8-4feff8c7fa45" daemon [_thread_blocked, id=6980, stack(0x000000114b700000,0x000000114b800000) (1024K)]
  0x0000012d7e25a100 JavaThread "Framework Event Dispatcher: Equinox Container: 03f8f0a6-cbf4-440a-9bb8-4feff8c7fa45" daemon [_thread_blocked, id=16720, stack(0x000000114b900000,0x000000114ba00000) (1024K)]
  0x0000012d7e25ab30 JavaThread "Start Level: Equinox Container: 03f8f0a6-cbf4-440a-9bb8-4feff8c7fa45" daemon [_thread_in_vm, id=8920, stack(0x000000114ba00000,0x000000114bb00000) (1024K)]
  0x0000012d7e3c8ff0 JavaThread "Bundle File Closer"         daemon [_thread_blocked, id=19308, stack(0x000000114bc00000,0x000000114bd00000) (1024K)]
Total: 16

Other Threads:
  0x0000012d77a325f0 VMThread "VM Thread"                           [id=20796, stack(0x000000114a400000,0x000000114a500000) (1024K)]
  0x0000012d7796ca00 WatcherThread "VM Periodic Task Thread"        [id=2744, stack(0x000000114a300000,0x000000114a400000) (1024K)]
  0x0000012d70012bf0 WorkerThread "GC Thread#0"                     [id=19608, stack(0x000000114a200000,0x000000114a300000) (1024K)]
  0x0000012d796e5420 WorkerThread "GC Thread#1"                     [id=7988, stack(0x000000114b000000,0x000000114b100000) (1024K)]
  0x0000012d7980e4f0 WorkerThread "GC Thread#2"                     [id=18372, stack(0x000000114b100000,0x000000114b200000) (1024K)]
  0x0000012d79989320 WorkerThread "GC Thread#3"                     [id=6884, stack(0x000000114b200000,0x000000114b300000) (1024K)]
  0x0000012d799896c0 WorkerThread "GC Thread#4"                     [id=19924, stack(0x000000114b300000,0x000000114b400000) (1024K)]
  0x0000012d79c862a0 WorkerThread "GC Thread#5"                     [id=4480, stack(0x000000114b400000,0x000000114b500000) (1024K)]
  0x0000012d79c86640 WorkerThread "GC Thread#6"                     [id=16940, stack(0x000000114b500000,0x000000114b600000) (1024K)]
  0x0000012d7e26a130 WorkerThread "GC Thread#7"                     [id=21132, stack(0x000000114b800000,0x000000114b900000) (1024K)]
Total: 10

Threads with active compile tasks:
C2 CompilerThread0  4500 2304   !   4       java.util.jar.Attributes::read (494 bytes)
Total: 1

VM state: not at safepoint (normal execution)

VM Mutex/Monitor currently owned by a thread: None

Heap address: 0x0000000080000000, size: 2048 MB, Compressed Oops mode: 32-bit

CDS archive(s) mapped at: [0x0000012d0f000000-0x0000012d0fba0000-0x0000012d0fba0000), size 12189696, SharedBaseAddress: 0x0000012d0f000000, ArchiveRelocationMode: 1.
Compressed class space mapped at: 0x0000012d10000000-0x0000012d50000000, reserved size: 1073741824
Narrow klass base: 0x0000012d0f000000, Narrow klass shift: 0, Narrow klass range: 0x100000000

GC Precious Log:
 CardTable entry size: 512
 CPUs: 8 total, 8 available
 Memory: 15647M
 Large Page Support: Disabled
 NUMA Support: Disabled
 Compressed Oops: Enabled (32-bit)
 Alignments: Space 512K, Generation 512K, Heap 2M
 Heap Min Capacity: 100M
 Heap Initial Capacity: 100M
 Heap Max Capacity: 2G
 Pre-touch: Disabled
 Parallel Workers: 8

Heap:
 PSYoungGen      total 29696K, used 17199K [0x00000000d5580000, 0x00000000d7680000, 0x0000000100000000)
  eden space 25600K, 51% used [0x00000000d5580000,0x00000000d6253080,0x00000000d6e80000)
  from space 4096K, 99% used [0x00000000d6e80000,0x00000000d7278d48,0x00000000d7280000)
  to   space 4096K, 0% used [0x00000000d7280000,0x00000000d7280000,0x00000000d7680000)
 ParOldGen       total 68608K, used 4751K [0x0000000080000000, 0x0000000084300000, 0x00000000d5580000)
  object space 68608K, 6% used [0x0000000080000000,0x00000000804a3d78,0x0000000084300000)
 Metaspace       used 9647K, committed 9984K, reserved 1114112K
  class space    used 1022K, committed 1152K, reserved 1048576K

Card table byte_map: [0x0000012d6f990000,0x0000012d6fda0000] _byte_map_base: 0x0000012d6f590000

Marking Bits: (ParMarkBitMap*) 0x00007ffa7763a340
 Begin Bits: [0x0000012d73490000, 0x0000012d75490000)
 End Bits:   [0x0000012d75490000, 0x0000012d77490000)

Polling page: 0x0000012d6dfc0000

Metaspace:

Usage:
  Non-class:      8.42 MB used.
      Class:   1022.23 KB used.
       Both:      9.42 MB used.

Virtual space:
  Non-class space:       64.00 MB reserved,       8.62 MB ( 13%) committed,  1 nodes.
      Class space:        1.00 GB reserved,       1.12 MB ( <1%) committed,  1 nodes.
             Both:        1.06 GB reserved,       9.75 MB ( <1%) committed. 

Chunk freelists:
   Non-Class:  6.67 MB
       Class:  14.77 MB
        Both:  21.44 MB

MaxMetaspaceSize: unlimited
CompressedClassSpaceSize: 1.00 GB
Initial GC threshold: 21.00 MB
Current GC threshold: 21.00 MB
CDS: on
 - commit_granule_bytes: 65536.
 - commit_granule_words: 8192.
 - virtual_space_node_default_size: 8388608.
 - enlarge_chunks_in_place: 1.
 - use_allocation_guard: 0.


Internal statistics:

num_allocs_failed_limit: 0.
num_arena_births: 260.
num_arena_deaths: 0.
num_vsnodes_births: 2.
num_vsnodes_deaths: 0.
num_space_committed: 156.
num_space_uncommitted: 0.
num_chunks_returned_to_freelist: 0.
num_chunks_taken_from_freelist: 523.
num_chunk_merges: 0.
num_chunk_splits: 332.
num_chunks_enlarged: 219.
num_inconsistent_stats: 0.

CodeHeap 'non-profiled nmethods': size=120000Kb used=1079Kb max_used=1079Kb free=118920Kb
 bounds [0x0000012d07ad0000, 0x0000012d07d40000, 0x0000012d0f000000]
CodeHeap 'profiled nmethods': size=120000Kb used=4367Kb max_used=4367Kb free=115632Kb
 bounds [0x0000012d00000000, 0x0000012d00450000, 0x0000012d07530000]
CodeHeap 'non-nmethods': size=5760Kb used=1229Kb max_used=1261Kb free=4530Kb
 bounds [0x0000012d07530000, 0x0000012d077a0000, 0x0000012d07ad0000]
CodeCache: size=245760Kb, used=6675Kb, max_used=6707Kb, free=239082Kb
 total_blobs=2822, nmethods=2329, adapters=399, full_count=0
Compilation: enabled, stopped_count=0, restarted_count=0

Compilation events (20 events):
Event: 4.404 Thread 0x0000012d77a8d800 2310       3       java.util.Collections::singletonIterator (9 bytes)
Event: 4.404 Thread 0x0000012d77a8d800 nmethod 2310 0x0000012d0043aa90 code [0x0000012d0043ac40, 0x0000012d0043ae68]
Event: 4.404 Thread 0x0000012d77a8d800 2311       3       java.util.Collections$1::<init> (15 bytes)
Event: 4.404 Thread 0x0000012d77a8d800 nmethod 2311 0x0000012d0043af90 code [0x0000012d0043b140, 0x0000012d0043b2c8]
Event: 4.420 Thread 0x0000012d77a8d800 2313       3       java.util.AbstractList::iterator (9 bytes)
Event: 4.420 Thread 0x0000012d77a8d800 nmethod 2313 0x0000012d0043b390 code [0x0000012d0043b540, 0x0000012d0043b798]
Event: 4.420 Thread 0x0000012d77a8d800 2314       3       java.util.AbstractList$Itr::<init> (31 bytes)
Event: 4.420 Thread 0x0000012d77a8d800 nmethod 2314 0x0000012d0043b890 code [0x0000012d0043ba40, 0x0000012d0043bbe0]
Event: 4.438 Thread 0x0000012d77a8d800 2315       3       org.eclipse.osgi.internal.framework.EquinoxBundle::getHeaders (6 bytes)
Event: 4.438 Thread 0x0000012d77a8d800 nmethod 2315 0x0000012d0043bd10 code [0x0000012d0043bec0, 0x0000012d0043c098]
Event: 4.438 Thread 0x0000012d77a8d800 2316       3       org.eclipse.osgi.internal.framework.EquinoxBundle::getHeaders (16 bytes)
Event: 4.439 Thread 0x0000012d77a8d800 nmethod 2316 0x0000012d0043c190 code [0x0000012d0043c3a0, 0x0000012d0043c828]
Event: 4.453 Thread 0x0000012d77a8d800 2317       3       org.eclipse.osgi.container.ModuleRevision::getBundle (8 bytes)
Event: 4.454 Thread 0x0000012d77a8d800 nmethod 2317 0x0000012d0043ca90 code [0x0000012d0043cc40, 0x0000012d0043ce78]
Event: 4.454 Thread 0x0000012d77a8d800 2318       3       org.eclipse.osgi.container.ModuleRevisions::getBundle (8 bytes)
Event: 4.454 Thread 0x0000012d77a8d800 nmethod 2318 0x0000012d0043cf90 code [0x0000012d0043d140, 0x0000012d0043d318]
Event: 4.465 Thread 0x0000012d77a8d800 2319       3       org.eclipse.osgi.framework.util.CaseInsensitiveDictionaryMap::<init> (77 bytes)
Event: 4.466 Thread 0x0000012d77a8d800 nmethod 2319 0x0000012d0043d410 code [0x0000012d0043d6e0, 0x0000012d0043e390]
Event: 4.468 Thread 0x0000012d77a8d800 2320       3       jdk.internal.misc.Unsafe::getAndAddInt (27 bytes)
Event: 4.468 Thread 0x0000012d77a8d800 nmethod 2320 0x0000012d0043e790 code [0x0000012d0043e940, 0x0000012d0043eb70]

GC Heap History (6 events):
Event: 1.680 GC heap before
{Heap before GC invocations=1 (full 0):
 PSYoungGen      total 29696K, used 25600K [0x00000000d5580000, 0x00000000d7680000, 0x0000000100000000)
  eden space 25600K, 100% used [0x00000000d5580000,0x00000000d6e80000,0x00000000d6e80000)
  from space 4096K, 0% used [0x00000000d7280000,0x00000000d7280000,0x00000000d7680000)
  to   space 4096K, 0% used [0x00000000d6e80000,0x00000000d6e80000,0x00000000d7280000)
 ParOldGen       total 68608K, used 0K [0x0000000080000000, 0x0000000084300000, 0x00000000d5580000)
  object space 68608K, 0% used [0x0000000080000000,0x0000000080000000,0x0000000084300000)
 Metaspace       used 4353K, committed 4608K, reserved 1114112K
  class space    used 473K, committed 576K, reserved 1048576K
}
Event: 1.704 GC heap after
{Heap after GC invocations=1 (full 0):
 PSYoungGen      total 29696K, used 3271K [0x00000000d5580000, 0x00000000d7680000, 0x0000000100000000)
  eden space 25600K, 0% used [0x00000000d5580000,0x00000000d5580000,0x00000000d6e80000)
  from space 4096K, 79% used [0x00000000d6e80000,0x00000000d71b1e98,0x00000000d7280000)
  to   space 4096K, 0% used [0x00000000d7280000,0x00000000d7280000,0x00000000d7680000)
 ParOldGen       total 68608K, used 0K [0x0000000080000000, 0x0000000084300000, 0x00000000d5580000)
  object space 68608K, 0% used [0x0000000080000000,0x0000000080000000,0x0000000084300000)
 Metaspace       used 4353K, committed 4608K, reserved 1114112K
  class space    used 473K, committed 576K, reserved 1048576K
}
Event: 3.264 GC heap before
{Heap before GC invocations=2 (full 0):
 PSYoungGen      total 29696K, used 28871K [0x00000000d5580000, 0x00000000d7680000, 0x0000000100000000)
  eden space 25600K, 100% used [0x00000000d5580000,0x00000000d6e80000,0x00000000d6e80000)
  from space 4096K, 79% used [0x00000000d6e80000,0x00000000d71b1e98,0x00000000d7280000)
  to   space 4096K, 0% used [0x00000000d7280000,0x00000000d7280000,0x00000000d7680000)
 ParOldGen       total 68608K, used 0K [0x0000000080000000, 0x0000000084300000, 0x00000000d5580000)
  object space 68608K, 0% used [0x0000000080000000,0x0000000080000000,0x0000000084300000)
 Metaspace       used 8017K, committed 8320K, reserved 1114112K
  class space    used 840K, committed 960K, reserved 1048576K
}
Event: 3.270 GC heap after
{Heap after GC invocations=2 (full 0):
 PSYoungGen      total 29696K, used 4087K [0x00000000d5580000, 0x00000000d7680000, 0x0000000100000000)
  eden space 25600K, 0% used [0x00000000d5580000,0x00000000d5580000,0x00000000d6e80000)
  from space 4096K, 99% used [0x00000000d7280000,0x00000000d767de88,0x00000000d7680000)
  to   space 4096K, 0% used [0x00000000d6e80000,0x00000000d6e80000,0x00000000d7280000)
 ParOldGen       total 68608K, used 1680K [0x0000000080000000, 0x0000000084300000, 0x00000000d5580000)
  object space 68608K, 2% used [0x0000000080000000,0x00000000801a4030,0x0000000084300000)
 Metaspace       used 8017K, committed 8320K, reserved 1114112K
  class space    used 840K, committed 960K, reserved 1048576K
}
Event: 3.824 GC heap before
{Heap before GC invocations=3 (full 0):
 PSYoungGen      total 29696K, used 29634K [0x00000000d5580000, 0x00000000d7680000, 0x0000000100000000)
  eden space 25600K, 99% used [0x00000000d5580000,0x00000000d6e72b38,0x00000000d6e80000)
  from space 4096K, 99% used [0x00000000d7280000,0x00000000d767de88,0x00000000d7680000)
  to   space 4096K, 0% used [0x00000000d6e80000,0x00000000d6e80000,0x00000000d7280000)
 ParOldGen       total 68608K, used 1680K [0x0000000080000000, 0x0000000084300000, 0x00000000d5580000)
  object space 68608K, 2% used [0x0000000080000000,0x00000000801a4030,0x0000000084300000)
 Metaspace       used 9420K, committed 9728K, reserved 1114112K
  class space    used 1007K, committed 1152K, reserved 1048576K
}
Event: 3.830 GC heap after
{Heap after GC invocations=3 (full 0):
 PSYoungGen      total 29696K, used 4067K [0x00000000d5580000, 0x00000000d7680000, 0x0000000100000000)
  eden space 25600K, 0% used [0x00000000d5580000,0x00000000d5580000,0x00000000d6e80000)
  from space 4096K, 99% used [0x00000000d6e80000,0x00000000d7278d48,0x00000000d7280000)
  to   space 4096K, 0% used [0x00000000d7280000,0x00000000d7280000,0x00000000d7680000)
 ParOldGen       total 68608K, used 4751K [0x0000000080000000, 0x0000000084300000, 0x00000000d5580000)
  object space 68608K, 6% used [0x0000000080000000,0x00000000804a3d78,0x0000000084300000)
 Metaspace       used 9420K, committed 9728K, reserved 1114112K
  class space    used 1007K, committed 1152K, reserved 1048576K
}

Dll operation events (9 events):
Event: 0.014 Loaded shared library c:\Users\ASUS\.vscode\extensions\redhat.java-1.47.0-win32-x64\jre\21.0.8-win32-x86_64\bin\java.dll
Event: 0.138 Loaded shared library c:\Users\ASUS\.vscode\extensions\redhat.java-1.47.0-win32-x64\jre\21.0.8-win32-x86_64\bin\zip.dll
Event: 0.170 Loaded shared library C:\Users\ASUS\.vscode\extensions\redhat.java-1.47.0-win32-x64\jre\21.0.8-win32-x86_64\bin\instrument.dll
Event: 0.178 Loaded shared library C:\Users\ASUS\.vscode\extensions\redhat.java-1.47.0-win32-x64\jre\21.0.8-win32-x86_64\bin\net.dll
Event: 0.182 Loaded shared library C:\Users\ASUS\.vscode\extensions\redhat.java-1.47.0-win32-x64\jre\21.0.8-win32-x86_64\bin\nio.dll
Event: 0.188 Loaded shared library C:\Users\ASUS\.vscode\extensions\redhat.java-1.47.0-win32-x64\jre\21.0.8-win32-x86_64\bin\zip.dll
Event: 0.221 Loaded shared library C:\Users\ASUS\.vscode\extensions\redhat.java-1.47.0-win32-x64\jre\21.0.8-win32-x86_64\bin\jimage.dll
Event: 0.422 Loaded shared library c:\Users\ASUS\.vscode\extensions\redhat.java-1.47.0-win32-x64\jre\21.0.8-win32-x86_64\bin\verify.dll
Event: 3.280 Loaded shared library C:\Users\ASUS\AppData\Roaming\Code\User\globalStorage\redhat.java\1.47.0\config_win\org.eclipse.equinox.launcher\org.eclipse.equinox.launcher.win32.win32.x86_64_1.2.1400.v20250801-0854\eclipse_11916.dll

Deoptimization events (20 events):
Event: 4.013 Thread 0x0000012d7e25ab30 Uncommon trap: trap_request=0xffffff45 fr.pc=0x0000012d07ae7d20 relative=0x0000000000000100
Event: 4.013 Thread 0x0000012d7e25ab30 Uncommon trap: reason=unstable_if action=reinterpret pc=0x0000012d07ae7d20 method=java.lang.StringCoding.countPositives([BII)I @ 17 c2
Event: 4.013 Thread 0x0000012d7e25ab30 DEOPT PACKING pc=0x0000012d07ae7d20 sp=0x000000114bafd030
Event: 4.013 Thread 0x0000012d7e25ab30 DEOPT UNPACKING pc=0x0000012d07583aa2 sp=0x000000114bafcfb8 mode 2
Event: 4.018 Thread 0x0000012d7e25ab30 DEOPT PACKING pc=0x0000012d00407949 sp=0x000000114bafd040
Event: 4.018 Thread 0x0000012d7e25ab30 DEOPT UNPACKING pc=0x0000012d07584242 sp=0x000000114bafc4b0 mode 0
Event: 4.023 Thread 0x0000012d7e25ab30 DEOPT PACKING pc=0x0000012d00407949 sp=0x000000114bafd040
Event: 4.023 Thread 0x0000012d7e25ab30 DEOPT UNPACKING pc=0x0000012d07584242 sp=0x000000114bafc4b0 mode 0
Event: 4.040 Thread 0x0000012d7e25ab30 DEOPT PACKING pc=0x0000012d00407949 sp=0x000000114bafd040
Event: 4.040 Thread 0x0000012d7e25ab30 DEOPT UNPACKING pc=0x0000012d07584242 sp=0x000000114bafc4b0 mode 0
Event: 4.064 Thread 0x0000012d7e25ab30 DEOPT PACKING pc=0x0000012d00407949 sp=0x000000114bafd040
Event: 4.064 Thread 0x0000012d7e25ab30 DEOPT UNPACKING pc=0x0000012d07584242 sp=0x000000114bafc4b0 mode 0
Event: 4.091 Thread 0x0000012d7e25ab30 DEOPT PACKING pc=0x0000012d00407949 sp=0x000000114bafd040
Event: 4.091 Thread 0x0000012d7e25ab30 DEOPT UNPACKING pc=0x0000012d07584242 sp=0x000000114bafc4b0 mode 0
Event: 4.137 Thread 0x0000012d7e25ab30 Uncommon trap: trap_request=0xffffff45 fr.pc=0x0000012d07b3facc relative=0x000000000000018c
Event: 4.137 Thread 0x0000012d7e25ab30 Uncommon trap: reason=unstable_if action=reinterpret pc=0x0000012d07b3facc method=java.lang.String.startsWith(Ljava/lang/String;I)Z @ 50 c2
Event: 4.137 Thread 0x0000012d7e25ab30 DEOPT PACKING pc=0x0000012d07b3facc sp=0x000000114bafe110
Event: 4.137 Thread 0x0000012d7e25ab30 DEOPT UNPACKING pc=0x0000012d07583aa2 sp=0x000000114bafe040 mode 2
Event: 4.419 Thread 0x0000012d7e25ab30 DEOPT PACKING pc=0x0000012d00407949 sp=0x000000114bafd5b0
Event: 4.419 Thread 0x0000012d7e25ab30 DEOPT UNPACKING pc=0x0000012d07584242 sp=0x000000114bafca38 mode 0

Classes loaded (20 events):
Event: 3.497 Loading class sun/util/logging/resources/logging_en_ID
Event: 3.497 Loading class sun/util/logging/resources/logging_en_ID done
Event: 3.499 Loading class java/util/Formatter$DateTime
Event: 3.499 Loading class java/util/Formatter$DateTime done
Event: 3.499 Loading class java/util/Formatter$FixedString
Event: 3.500 Loading class java/util/Formatter$FixedString done
Event: 3.500 Loading class java/time/ZonedDateTime$1
Event: 3.500 Loading class java/time/ZonedDateTime$1 done
Event: 3.504 Loading class jdk/internal/module/ModulePatcher$PatchedModuleReader
Event: 3.504 Loading class jdk/internal/module/ModulePatcher$PatchedModuleReader done
Event: 3.511 Loading class sun/util/locale/provider/BaseLocaleDataMetaInfo
Event: 3.511 Loading class sun/util/locale/provider/BaseLocaleDataMetaInfo done
Event: 3.515 Loading class sun/util/resources/LocaleData$CommonResourceBundleProvider
Event: 3.515 Loading class sun/util/resources/LocaleData$LocaleDataResourceBundleProvider
Event: 3.515 Loading class java/util/spi/ResourceBundleProvider
Event: 3.515 Loading class java/util/spi/ResourceBundleProvider done
Event: 3.515 Loading class sun/util/resources/LocaleData$LocaleDataResourceBundleProvider done
Event: 3.515 Loading class sun/util/resources/LocaleData$CommonResourceBundleProvider done
Event: 3.517 Loading class sun/text/resources/cldr/FormatData_en
Event: 3.517 Loading class sun/text/resources/cldr/FormatData_en done

Classes unloaded (0 events):
No events

Classes redefined (0 events):
No events

Internal exceptions (20 events):
Event: 1.788 Thread 0x0000012d6fff3c70 Implicit null exception at 0x0000012d07b2b7a9 to 0x0000012d07b2c01c
Event: 1.788 Thread 0x0000012d6fff3c70 Implicit null exception at 0x0000012d07b31b1a to 0x0000012d07b31d20
Event: 1.789 Thread 0x0000012d6fff3c70 Exception <a 'java/lang/NoSuchMethodError'{0x00000000d579aee8}: 'void java.lang.invoke.DirectMethodHandle$Holder.invokeStatic(java.lang.Object, java.lang.Object, java.lang.Object, java.lang.Object)'> (0x00000000d579aee8) 
thrown [s\src\hotspot\share\interpreter\linkResolver.cpp, line 773]
Event: 1.803 Thread 0x0000012d6fff3c70 Implicit null exception at 0x0000012d07b2ca3c to 0x0000012d07b2ccc8
Event: 1.803 Thread 0x0000012d6fff3c70 Implicit null exception at 0x0000012d07b2d1bd to 0x0000012d07b2d241
Event: 1.990 Thread 0x0000012d6fff3c70 Exception <a 'java/lang/NoSuchMethodError'{0x00000000d5a342a8}: 'void java.lang.invoke.DirectMethodHandle$Holder.invokeSpecial(java.lang.Object, java.lang.Object, java.lang.Object)'> (0x00000000d5a342a8) 
thrown [s\src\hotspot\share\interpreter\linkResolver.cpp, line 773]
Event: 2.599 Thread 0x0000012d6fff3c70 Exception <a 'java/lang/NoSuchMethodError'{0x00000000d6424660}: 'int java.lang.invoke.DirectMethodHandle$Holder.invokeVirtual(java.lang.Object, java.lang.Object)'> (0x00000000d6424660) 
thrown [s\src\hotspot\share\interpreter\linkResolver.cpp, line 773]
Event: 2.721 Thread 0x0000012d6fff3c70 Exception <a 'java/lang/NoSuchMethodError'{0x00000000d6599428}: 'int java.lang.invoke.DirectMethodHandle$Holder.invokeStaticInit(java.lang.Object, java.lang.Object, java.lang.Object, java.lang.Object)'> (0x00000000d6599428) 
thrown [s\src\hotspot\share\interpreter\linkResolver.cpp, line 773]
Event: 2.723 Thread 0x0000012d6fff3c70 Exception <a 'java/lang/IncompatibleClassChangeError'{0x00000000d65a18b0}: Found class java.lang.Object, but interface was expected> (0x00000000d65a18b0) 
thrown [s\src\hotspot\share\interpreter\linkResolver.cpp, line 840]
Event: 2.725 Thread 0x0000012d6fff3c70 Exception <a 'java/lang/NoSuchMethodError'{0x00000000d65a80e8}: 'void java.lang.invoke.DirectMethodHandle$Holder.invokeStaticInit(java.lang.Object, java.lang.Object)'> (0x00000000d65a80e8) 
thrown [s\src\hotspot\share\interpreter\linkResolver.cpp, line 773]
Event: 2.728 Thread 0x0000012d6fff3c70 Exception <a 'java/lang/NoSuchMethodError'{0x00000000d65b1250}: 'int java.lang.invoke.DirectMethodHandle$Holder.invokeStaticInit(java.lang.Object, java.lang.Object)'> (0x00000000d65b1250) 
thrown [s\src\hotspot\share\interpreter\linkResolver.cpp, line 773]
Event: 2.846 Thread 0x0000012d6fff3c70 Exception <a 'java/lang/NoSuchMethodError'{0x00000000d67f7e90}: 'java.lang.Object java.lang.invoke.DirectMethodHandle$Holder.newInvokeSpecial(java.lang.Object, int, java.lang.Object)'> (0x00000000d67f7e90) 
thrown [s\src\hotspot\share\interpreter\linkResolver.cpp, line 773]
Event: 2.964 Thread 0x0000012d6fff3c70 Exception <a 'java/lang/ClassNotFoundException'{0x00000000d6a0ed40}: sun/net/www/protocol/plurl/Handler> (0x00000000d6a0ed40) 
thrown [s\src\hotspot\share\classfile\systemDictionary.cpp, line 312]
Event: 2.964 Thread 0x0000012d6fff3c70 Exception <a 'java/lang/ClassNotFoundException'{0x00000000d6a0fbc0}: sun/net/www/protocol/plurl/Handler> (0x00000000d6a0fbc0) 
thrown [s\src\hotspot\share\classfile\systemDictionary.cpp, line 312]
Event: 3.264 Thread 0x0000012d6fff3c70 Exception <a 'java/lang/UnsatisfiedLinkError'{0x00000000d6e5d0f0}: 'void org.eclipse.equinox.launcher.JNIBridge._update_splash()'> (0x00000000d6e5d0f0) 
thrown [s\src\hotspot\share\prims\nativeLookup.cpp, line 415]
Event: 3.329 Thread 0x0000012d7e036ed0 Exception <a 'java/lang/NoSuchMethodError'{0x00000000d588ce18}: 'void java.lang.invoke.DirectMethodHandle$Holder.invokeInterface(java.lang.Object, java.lang.Object, java.lang.Object)'> (0x00000000d588ce18) 
thrown [s\src\hotspot\share\interpreter\linkResolver.cpp, line 773]
Event: 3.430 Thread 0x0000012d7e25ab30 Exception <a 'java/lang/NoSuchMethodError'{0x00000000d5c529e8}: 'java.lang.Object java.lang.invoke.DirectMethodHandle$Holder.newInvokeSpecial(java.lang.Object, java.lang.Object, int, java.lang.Object)'> (0x00000000d5c529e8) 
thrown [s\src\hotspot\share\interpreter\linkResolver.cpp, line 773]
Event: 3.431 Thread 0x0000012d7e25ab30 Exception <a 'java/lang/NoSuchMethodError'{0x00000000d5c56858}: 'java.lang.Object java.lang.invoke.DirectMethodHandle$Holder.invokeSpecial(java.lang.Object, java.lang.Object, java.lang.Object, int, java.lang.Object)'> (0x00000000d5c56858) 
thrown [s\src\hotspot\share\interpreter\linkResolver.cpp, line 773]
Event: 3.451 Thread 0x0000012d7e25ab30 Exception <a 'java/lang/NoClassDefFoundError'{0x00000000d5cfdb18}: jakarta/servlet/ServletContainerInitializer> (0x00000000d5cfdb18) 
thrown [s\src\hotspot\share\classfile\systemDictionary.cpp, line 301]
Event: 3.493 Thread 0x0000012d7e25ab30 Exception <a 'java/lang/ClassNotFoundException'{0x00000000d5e63108}: sun/util/logging/resources/spi/loggingProvider> (0x00000000d5e63108) 
thrown [s\src\hotspot\share\classfile\systemDictionary.cpp, line 312]

ZGC Phase Switch (0 events):
No events

VM Operations (20 events):
Event: 2.792 Executing VM operation: HandshakeAllThreads (Deoptimize)
Event: 2.812 Executing VM operation: HandshakeAllThreads (Deoptimize) done
Event: 2.826 Executing VM operation: HandshakeAllThreads (Deoptimize)
Event: 2.826 Executing VM operation: HandshakeAllThreads (Deoptimize) done
Event: 2.932 Executing VM operation: HandshakeAllThreads (Deoptimize)
Event: 2.932 Executing VM operation: HandshakeAllThreads (Deoptimize) done
Event: 2.956 Executing VM operation: HandshakeAllThreads (Deoptimize)
Event: 2.956 Executing VM operation: HandshakeAllThreads (Deoptimize) done
Event: 3.264 Executing VM operation: ParallelGCFailedAllocation (Allocation Failure)
Event: 3.270 Executing VM operation: ParallelGCFailedAllocation (Allocation Failure) done
Event: 3.471 Executing VM operation: HandshakeAllThreads (Deoptimize)
Event: 3.471 Executing VM operation: HandshakeAllThreads (Deoptimize) done
Event: 3.505 Executing VM operation: HandshakeAllThreads (Deoptimize)
Event: 3.505 Executing VM operation: HandshakeAllThreads (Deoptimize) done
Event: 3.522 Executing VM operation: HandshakeAllThreads (Deoptimize)
Event: 3.522 Executing VM operation: HandshakeAllThreads (Deoptimize) done
Event: 3.542 Executing VM operation: HandshakeAllThreads (Deoptimize)
Event: 3.543 Executing VM operation: HandshakeAllThreads (Deoptimize) done
Event: 3.824 Executing VM operation: ParallelGCFailedAllocation (Allocation Failure)
Event: 3.830 Executing VM operation: ParallelGCFailedAllocation (Allocation Failure) done

Memory protections (0 events):
No events

Nmethod flushes (0 events):
No events

Events (20 events):
Event: 0.070 Thread 0x0000012d6fff3c70 Thread added: 0x0000012d77a8d800
Event: 0.113 Thread 0x0000012d6fff3c70 Thread added: 0x0000012d793db570
Event: 0.152 Thread 0x0000012d77a8d800 Thread added: 0x0000012d794d08d0
Event: 0.486 Thread 0x0000012d794d08d0 Thread exited: 0x0000012d794d08d0
Event: 0.704 Thread 0x0000012d6fff3c70 Thread added: 0x0000012d79585090
Event: 0.885 Thread 0x0000012d77a5c880 Thread added: 0x0000012d79650e90
Event: 0.987 Thread 0x0000012d77a8d800 Thread added: 0x0000012d796e5420
Event: 1.541 Thread 0x0000012d796e5420 Thread exited: 0x0000012d796e5420
Event: 2.164 Thread 0x0000012d77a8d800 Thread added: 0x0000012d79ea44e0
Event: 2.311 Thread 0x0000012d79ea44e0 Thread exited: 0x0000012d79ea44e0
Event: 2.710 Thread 0x0000012d79650e90 Thread exited: 0x0000012d79650e90
Event: 2.771 Thread 0x0000012d6fff3c70 Thread added: 0x0000012d79a374a0
Event: 3.146 Thread 0x0000012d77a8d800 Thread added: 0x0000012d79af3d20
Event: 3.260 Thread 0x0000012d6fff3c70 Thread added: 0x0000012d7e036ed0
Event: 3.333 Thread 0x0000012d7e036ed0 Thread added: 0x0000012d7e25a100
Event: 3.338 Thread 0x0000012d6fff3c70 Thread added: 0x0000012d7e25ab30
Event: 3.556 Thread 0x0000012d79af3d20 Thread added: 0x0000012d7e2bbb10
Event: 3.912 Thread 0x0000012d7e25ab30 Thread added: 0x0000012d7e3c8ff0
Event: 4.295 Thread 0x0000012d7e2bbb10 Thread exited: 0x0000012d7e2bbb10
Event: 4.331 Thread 0x0000012d79af3d20 Thread exited: 0x0000012d79af3d20


Dynamic libraries:
0x00007ff7e5640000 - 0x00007ff7e564e000 	c:\Users\ASUS\.vscode\extensions\redhat.java-1.47.0-win32-x64\jre\21.0.8-win32-x86_64\bin\java.exe
0x00007ffafbe10000 - 0x00007ffafc028000 	C:\Windows\SYSTEM32\ntdll.dll
0x00007ffafb290000 - 0x00007ffafb354000 	C:\Windows\System32\KERNEL32.DLL
0x00007ffaf9000000 - 0x00007ffaf93d3000 	C:\Windows\System32\KERNELBASE.dll
0x00007ffaf93e0000 - 0x00007ffaf94f1000 	C:\Windows\System32\ucrtbase.dll
0x00007ffae97c0000 - 0x00007ffae97d8000 	c:\Users\ASUS\.vscode\extensions\redhat.java-1.47.0-win32-x64\jre\21.0.8-win32-x86_64\bin\jli.dll
0x00007ffafb920000 - 0x00007ffafbad2000 	C:\Windows\System32\USER32.dll
0x00007ffaf9910000 - 0x00007ffaf9936000 	C:\Windows\System32\win32u.dll
0x00007ffafbc40000 - 0x00007ffafbc69000 	C:\Windows\System32\GDI32.dll
0x00007ffaf97e0000 - 0x00007ffaf9903000 	C:\Windows\System32\gdi32full.dll
0x00007ffaf9580000 - 0x00007ffaf961a000 	C:\Windows\System32\msvcp_win.dll
0x00007ffae97a0000 - 0x00007ffae97be000 	c:\Users\ASUS\.vscode\extensions\redhat.java-1.47.0-win32-x64\jre\21.0.8-win32-x86_64\bin\VCRUNTIME140.dll
0x00007ffaeb390000 - 0x00007ffaeb62c000 	C:\Windows\WinSxS\amd64_microsoft.windows.common-controls_6595b64144ccf1df_6.0.22621.6060_none_2712eda17382d24b\COMCTL32.dll
0x00007ffaf9df0000 - 0x00007ffaf9e97000 	C:\Windows\System32\msvcrt.dll
0x00007ffaf9ab0000 - 0x00007ffaf9ae1000 	C:\Windows\System32\IMM32.DLL
0x00007ffaf1bb0000 - 0x00007ffaf1bbc000 	c:\Users\ASUS\.vscode\extensions\redhat.java-1.47.0-win32-x64\jre\21.0.8-win32-x86_64\bin\vcruntime140_1.dll
0x00007ffabf6a0000 - 0x00007ffabf72d000 	c:\Users\ASUS\.vscode\extensions\redhat.java-1.47.0-win32-x64\jre\21.0.8-win32-x86_64\bin\msvcp140.dll
0x00007ffa76980000 - 0x00007ffa77717000 	c:\Users\ASUS\.vscode\extensions\redhat.java-1.47.0-win32-x64\jre\21.0.8-win32-x86_64\bin\server\jvm.dll
0x00007ffafb360000 - 0x00007ffafb411000 	C:\Windows\System32\ADVAPI32.dll
0x00007ffafbae0000 - 0x00007ffafbb88000 	C:\Windows\System32\sechost.dll
0x00007ffaf8fd0000 - 0x00007ffaf8ff8000 	C:\Windows\System32\bcrypt.dll
0x00007ffafb050000 - 0x00007ffafb168000 	C:\Windows\System32\RPCRT4.dll
0x00007ffafa320000 - 0x00007ffafa391000 	C:\Windows\System32\WS2_32.dll
0x00007ffaf8810000 - 0x00007ffaf885d000 	C:\Windows\SYSTEM32\POWRPROF.dll
0x00007ffaf1f20000 - 0x00007ffaf1f54000 	C:\Windows\SYSTEM32\WINMM.dll
0x00007ffaedcf0000 - 0x00007ffaedcfa000 	C:\Windows\SYSTEM32\VERSION.dll
0x00007ffaf87f0000 - 0x00007ffaf8803000 	C:\Windows\SYSTEM32\UMPDC.dll
0x00007ffaf7ee0000 - 0x00007ffaf7ef8000 	C:\Windows\SYSTEM32\kernel.appcore.dll
0x00007ffaea070000 - 0x00007ffaea07a000 	c:\Users\ASUS\.vscode\extensions\redhat.java-1.47.0-win32-x64\jre\21.0.8-win32-x86_64\bin\jimage.dll
0x00007ffaf6980000 - 0x00007ffaf6bb3000 	C:\Windows\SYSTEM32\DBGHELP.DLL
0x00007ffafb420000 - 0x00007ffafb7b2000 	C:\Windows\System32\combase.dll
0x00007ffaf9c70000 - 0x00007ffaf9d48000 	C:\Windows\System32\OLEAUT32.dll
0x00007ffaea420000 - 0x00007ffaea452000 	C:\Windows\SYSTEM32\dbgcore.DLL
0x00007ffaf9500000 - 0x00007ffaf957b000 	C:\Windows\System32\bcryptPrimitives.dll
0x00007ffae8b80000 - 0x00007ffae8b8f000 	c:\Users\ASUS\.vscode\extensions\redhat.java-1.47.0-win32-x64\jre\21.0.8-win32-x86_64\bin\instrument.dll
0x00007ffae9780000 - 0x00007ffae979f000 	c:\Users\ASUS\.vscode\extensions\redhat.java-1.47.0-win32-x64\jre\21.0.8-win32-x86_64\bin\java.dll
0x00007ffafa730000 - 0x00007ffafafce000 	C:\Windows\System32\SHELL32.dll
0x00007ffaf9620000 - 0x00007ffaf975f000 	C:\Windows\System32\wintypes.dll
0x00007ffaf6da0000 - 0x00007ffaf76b8000 	C:\Windows\SYSTEM32\windows.storage.dll
0x00007ffaf9b60000 - 0x00007ffaf9c64000 	C:\Windows\System32\SHCORE.dll
0x00007ffafb220000 - 0x00007ffafb289000 	C:\Windows\System32\shlwapi.dll
0x00007ffaf8e40000 - 0x00007ffaf8e65000 	C:\Windows\SYSTEM32\profapi.dll
0x00007ffae9580000 - 0x00007ffae9598000 	c:\Users\ASUS\.vscode\extensions\redhat.java-1.47.0-win32-x64\jre\21.0.8-win32-x86_64\bin\zip.dll
0x00007ffae9e80000 - 0x00007ffae9e90000 	C:\Users\ASUS\.vscode\extensions\redhat.java-1.47.0-win32-x64\jre\21.0.8-win32-x86_64\bin\net.dll
0x00007ffaf4e40000 - 0x00007ffaf4f6c000 	C:\Windows\SYSTEM32\WINHTTP.dll
0x00007ffaf83c0000 - 0x00007ffaf8429000 	C:\Windows\system32\mswsock.dll
0x00007ffae9560000 - 0x00007ffae9576000 	C:\Users\ASUS\.vscode\extensions\redhat.java-1.47.0-win32-x64\jre\21.0.8-win32-x86_64\bin\nio.dll
0x00007ffae8bb0000 - 0x00007ffae8bc0000 	c:\Users\ASUS\.vscode\extensions\redhat.java-1.47.0-win32-x64\jre\21.0.8-win32-x86_64\bin\verify.dll
0x00007ffabfc90000 - 0x00007ffabfcd4000 	C:\Users\ASUS\AppData\Roaming\Code\User\globalStorage\redhat.java\1.47.0\config_win\org.eclipse.equinox.launcher\org.eclipse.equinox.launcher.win32.win32.x86_64_1.2.1400.v20250801-0854\eclipse_11916.dll
0x00007ffafa3a0000 - 0x00007ffafa540000 	C:\Windows\System32\ole32.dll

JVMTI agents:
c:\Users\ASUS\.vscode\extensions\redhat.java-1.47.0-win32-x64\lombok\lombok-1.18.39-4050.jar path:c:\Users\ASUS\.vscode\extensions\redhat.java-1.47.0-win32-x64\jre\21.0.8-win32-x86_64\bin\instrument.dll, loaded, initialized, instrumentlib options:none

dbghelp: loaded successfully - version: 4.0.5 - missing functions: none
symbol engine: initialized successfully - sym options: 0x614 - pdb path: .;c:\Users\ASUS\.vscode\extensions\redhat.java-1.47.0-win32-x64\jre\21.0.8-win32-x86_64\bin;C:\Windows\SYSTEM32;C:\Windows\WinSxS\amd64_microsoft.windows.common-controls_6595b64144ccf1df_6.0.22621.6060_none_2712eda17382d24b;c:\Users\ASUS\.vscode\extensions\redhat.java-1.47.0-win32-x64\jre\21.0.8-win32-x86_64\bin\server;C:\Users\ASUS\AppData\Roaming\Code\User\globalStorage\redhat.java\1.47.0\config_win\org.eclipse.equinox.launcher\org.eclipse.equinox.launcher.win32.win32.x86_64_1.2.1400.v20250801-0854

VM Arguments:
jvm_args: --add-modules=ALL-SYSTEM --add-opens=java.base/java.util=ALL-UNNAMED --add-opens=java.base/java.lang=ALL-UNNAMED --add-opens=java.base/sun.nio.fs=ALL-UNNAMED -Declipse.application=org.eclipse.jdt.ls.core.id1 -Dosgi.bundles.defaultStartLevel=4 -Declipse.product=org.eclipse.jdt.ls.core.product -Djava.import.generatesMetadataFilesAtProjectRoot=false -DDetectVMInstallationsJob.disabled=true -Dfile.encoding=utf8 -XX:+UseParallelGC -XX:GCTimeRatio=4 -XX:AdaptiveSizePolicyWeight=90 -Dsun.zip.disableMemoryMapping=true -Xmx2G -Xms100m -Xlog:disable -javaagent:c:\Users\ASUS\.vscode\extensions\redhat.java-1.47.0-win32-x64\lombok\lombok-1.18.39-4050.jar -XX:+HeapDumpOnOutOfMemoryError -XX:HeapDumpPath=c:\Users\ASUS\AppData\Roaming\Code\User\workspaceStorage\3d65cca12a3fffbc84b21bd5c9af181b\redhat.java -Daether.dependencyCollector.impl=bf 
java_command: c:\Users\ASUS\.vscode\extensions\redhat.java-1.47.0-win32-x64\server\plugins\org.eclipse.equinox.launcher_1.7.100.v20251014-1222.jar -configuration c:\Users\ASUS\AppData\Roaming\Code\User\globalStorage\redhat.java\1.47.0\config_win -data c:\Users\ASUS\AppData\Roaming\Code\User\workspaceStorage\3d65cca12a3fffbc84b21bd5c9af181b\redhat.java\jdt_ws --pipe=\\.\pipe\lsp-7b47c3fbd416e369a3d5baa5f040ee16-sock
java_class_path (initial): c:\Users\ASUS\.vscode\extensions\redhat.java-1.47.0-win32-x64\server\plugins\org.eclipse.equinox.launcher_1.7.100.v20251014-1222.jar
Launcher Type: SUN_STANDARD

[Global flags]
    uintx AdaptiveSizePolicyWeight                 = 90                                        {product} {command line}
     intx CICompilerCount                          = 4                                         {product} {ergonomic}
    uintx GCTimeRatio                              = 4                                         {product} {command line}
     bool HeapDumpOnOutOfMemoryError               = true                                   {manageable} {command line}
    ccstr HeapDumpPath                             = c:\Users\ASUS\AppData\Roaming\Code\User\workspaceStorage\3d65cca12a3fffbc84b21bd5c9af181b\redhat.java         {manageable} {command line}
   size_t InitialHeapSize                          = 104857600                                 {product} {command line}
   size_t MaxHeapSize                              = 2147483648                                {product} {command line}
   size_t MaxNewSize                               = 715653120                                 {product} {ergonomic}
   size_t MinHeapDeltaBytes                        = 524288                                    {product} {ergonomic}
   size_t MinHeapSize                              = 104857600                                 {product} {command line}
   size_t NewSize                                  = 34603008                                  {product} {ergonomic}
    uintx NonNMethodCodeHeapSize                   = 5839372                                {pd product} {ergonomic}
    uintx NonProfiledCodeHeapSize                  = 122909434                              {pd product} {ergonomic}
   size_t OldSize                                  = 70254592                                  {product} {ergonomic}
    uintx ProfiledCodeHeapSize                     = 122909434                              {pd product} {ergonomic}
    uintx ReservedCodeCacheSize                    = 251658240                              {pd product} {ergonomic}
     bool SegmentedCodeCache                       = true                                      {product} {ergonomic}
   size_t SoftMaxHeapSize                          = 2147483648                             {manageable} {ergonomic}
     bool UseCompressedOops                        = true                           {product lp64_product} {ergonomic}
     bool UseLargePagesIndividualAllocation        = false                                  {pd product} {ergonomic}
     bool UseParallelGC                            = true                                      {product} {command line}

Logging:
Log output configuration:
 #0: stdout all=off uptime,level,tags foldmultilines=false
 #1: stderr all=off uptime,level,tags foldmultilines=false

Environment Variables:
PATH=C:\Program Files\Eclipse Adoptium\jre-8.0.452.9-hotspot\bin;C:\Program Files\Eclipse Adoptium\jdk-8.0.452.9-hotspot\bin;C:\oraclexe\app\oracle\product\10.2.0\server\bin;D:\VMWare\bin\;C:\Program Files\Common Files\Oracle\Java\javapath;C:\Program Files (x86)\Common Files\Oracle\Java\java8path;C:\Program Files (x86)\Common Files\Oracle\Java\javapath;C:\Windows\system32;C:\Windows;C:\Windows\System32\Wbem;C:\Windows\System32\WindowsPowerShell\v1.0\;C:\Windows\System32\OpenSSH\;C:\Program Files\dotnet\;C:\Program Files (x86)\MAVProxy;C:\Program Files\CMake\bin;C:\Program Files\Git\cmd;D:\MATHLAABB\runtime\win64;D:\MATHLAABB\bin;C:\Program Files\PuTTY\;C:\Users\ASUS\AppData\Local\Programs\Python\Python312\Scripts\;C:\Users\ASUS\AppData\Local\Programs\Python\Python312\;C:\Users\ASUS\AppData\Local\Microsoft\WindowsApps;C:\Users\ASUS\AppData\Local\Programs\Microsoft VS Code\bin;C:\msys64\ucrt64\bin;C:\Users\ASUS\.dotnet\tools;C:\LUA2\bin;C:\Users\ASUS\AppData\Local\GitHubDesktop\bin;C:\apache-maven-3.9.10\bin;C:\xampp\php;C:\Users\ASUS\AppData\Local\ComposerSetup\bin;C:\Users\ASUS\AppData\Roaming\Composer\vendor\bin
USERNAME=ASUS
OS=Windows_NT
PROCESSOR_IDENTIFIER=AMD64 Family 23 Model 160 Stepping 0, AuthenticAMD
TMP=C:\Users\ASUS\AppData\Local\Temp
TEMP=C:\Users\ASUS\AppData\Local\Temp




Periodic native trim disabled

---------------  S Y S T E M  ---------------

OS:
 Windows 11 , 64 bit Build 22621 (10.0.22621.5415)
OS uptime: 0 days 20:07 hours
Hyper-V role detected

CPU: total 8 (initial active 8) (8 cores per cpu, 2 threads per core) family 23 model 160 stepping 0 microcode 0x0, cx8, cmov, fxsr, ht, mmx, 3dnowpref, sse, sse2, sse3, ssse3, sse4a, sse4.1, sse4.2, popcnt, lzcnt, tsc, tscinvbit, avx, avx2, aes, clmul, bmi1, bmi2, adx, sha, fma, vzeroupper, clflush, clflushopt, hv, rdtscp, rdpid, f16c
Processor Information for the first 8 processors :
  Max Mhz: 2801, Current Mhz: 2801, Mhz Limit: 2801

Memory: 4k page, system-wide physical 15647M (4247M free)
TotalPageFile size 15647M (AvailPageFile size 1M)
current process WorkingSet (physical memory assigned to process): 109M, peak: 109M
current process commit charge ("private bytes"): 252M, peak: 252M

vm_info: OpenJDK 64-Bit Server VM (21.0.8+9-LTS) for windows-amd64 JRE (21.0.8+9-LTS), built on 2025-07-15T00:00:00Z by "admin" with MS VC++ 17.7 (VS2022)

END.
